<?xml version="1.0" encoding="UTF-8"?>
<!-- Generated by org.testng.reporters.JUnitReportReporter -->
<testsuite hostname="DESKTOP-S9OHCTK" failures="0" tests="1" name="Azij.ExtentReports.ExtentReportsDemo" time="5.802" errors="0" timestamp="2024-11-06T10:31:25 IST" skipped="0">
  <testcase classname="Azij.ExtentReports.ExtentReportsDemo" name="initialDemo" time="5.802"/>
</testsuite> <!-- Azij.ExtentReports.ExtentReportsDemo -->
