<?xml version="1.0" encoding="UTF-8"?>
<!-- Generated by org.testng.reporters.JUnitReportReporter -->
<testsuite hostname="DESKTOP-S9OHCTK" failures="0" tests="1" name="Azij.ExtentReports.ExtentReportsDemo" time="3.908" errors="0" timestamp="2024-11-22T11:26:49 IST" skipped="0">
  <testcase classname="Azij.ExtentReports.ExtentReportsDemo" name="initialDemo" time="3.908"/>
</testsuite> <!-- Azij.ExtentReports.ExtentReportsDemo -->
