<?xml version="1.0" encoding="UTF-8"?>
<!-- Generated by org.testng.reporters.JUnitReportReporter -->
<testsuite hostname="DESKTOP-S9OHCTK" failures="0" tests="1" name="Azij.ExtentReports.Listeners" time="4.649" errors="0" timestamp="2024-11-22T11:23:06 IST" skipped="0">
  <testcase classname="Azij.ExtentReports.Listeners" name="initialDemo" time="4.649"/>
</testsuite> <!-- Azij.ExtentReports.Listeners -->
